<?xml version="1.0" encoding="UTF-8"?>
<testng-results ignored="1" total="2" passed="1" failed="0" skipped="0">
  <reporter-output>
  </reporter-output>
  <suite started-at="2022-01-14T09:41:35Z" name="All Test Suite" finished-at="2022-01-14T09:41:57Z" duration-ms="22463">
    <groups>
      <group name="regress">
        <method signature="SearchTest.checkSearchResultsHaveDescription(java.lang.String)[pri:0, instance:tests.search.SearchTest@1a01d7f0]" name="checkSearchResultsHaveDescription" class="tests.search.SearchTest"/>
      </group> <!-- regress -->
      <group name="smoke">
        <method signature="SearchTest.checkSearchResultsHaveDescription(java.lang.String)[pri:0, instance:tests.search.SearchTest@1a01d7f0]" name="checkSearchResultsHaveDescription" class="tests.search.SearchTest"/>
      </group> <!-- smoke -->
    </groups>
    <test started-at="2022-01-14T09:41:35Z" name="D:/Универ/avitoTestAutomation" finished-at="2022-01-14T09:41:57Z" duration-ms="22463">
      <class name="tests.search.SearchTest">
        <test-method signature="checkSearchResultsHaveDescription(java.lang.String)[pri:0, instance:tests.search.SearchTest@1a01d7f0]" started-at="2022-01-14T09:41:35Z" name="checkSearchResultsHaveDescription" data-provider="provider" finished-at="2022-01-14T09:41:57Z" duration-ms="21996" status="PASS">
          <params>
            <param index="0">
              <value>
                <![CDATA[Коньки]]>
              </value>
            </param>
          </params>
          <reporter-output>
          </reporter-output>
        </test-method> <!-- checkSearchResultsHaveDescription -->
        <test-method is-config="true" signature="close()[pri:0, instance:tests.search.SearchTest@1a01d7f0]" started-at="2022-01-14T09:41:57Z" name="close" finished-at="2022-01-14T09:41:58Z" duration-ms="1064" status="PASS">
          <reporter-output>
          </reporter-output>
        </test-method> <!-- close -->
      </class> <!-- tests.search.SearchTest -->
    </test> <!-- D:/Универ/avitoTestAutomation -->
  </suite> <!-- All Test Suite -->
</testng-results>
