<?xml version="1.0" encoding="UTF-8"?>
<!-- Generated by org.testng.reporters.JUnitXMLReporter -->
<testsuite ignored="1" hostname="LAPTOP-S9FC233T" failures="0" tests="1" name="D:/Универ/avitoTestAutomation" time="22.463" errors="0" timestamp="14 янв. 2022 09:41:57 GMT">
  <testcase classname="tests.search.SearchTest" name="checkSearchResultsHaveDescription" time="21.996"/>
  <testcase classname="tests.search.SearchTest" name="checkIsRedirectToListing" time="0.0">
    <ignored/>
  </testcase> <!-- checkIsRedirectToListing -->
</testsuite> <!-- D:/Универ/avitoTestAutomation -->
